<?xml version="1.0" encoding="UTF-8"?>
<testsuite xmlns:xsi="http://www.w3.org/2001/XMLSchema-instance" xsi:noNamespaceSchemaLocation="https://maven.apache.org/surefire/maven-surefire-plugin/xsd/surefire-test-report-3.0.xsd" version="3.0" name="org.centrale.infosi.moteur.EtatJeuTest" time="0.029" tests="6" errors="0" skipped="0" failures="0">
  <properties>
[...]
</properties>
  <testcase name="testGetLettresProposees" classname="org.centrale.infosi.moteur.EtatJeuTest" time="0.01">
    <system-out><![CDATA[getLettresProposees
]]></system-out>
  </testcase>
  <testcase name="testGetErreursRestantes" classname="org.centrale.infosi.moteur.EtatJeuTest" time="0.003">
    <system-out><![CDATA[getErreursRestantes
]]></system-out>
  </testcase>
  <testcase name="testDecrementerErreur" classname="org.centrale.infosi.moteur.EtatJeuTest" time="0.003">
    <system-out><![CDATA[decrementerErreur
]]></system-out>
  </testcase>
  <testcase name="testGetMotSecret" classname="org.centrale.infosi.moteur.EtatJeuTest" time="0.002">
    <system-out><![CDATA[getMotSecret
]]></system-out>
  </testcase>
  <testcase name="testMarquerGagne" classname="org.centrale.infosi.moteur.EtatJeuTest" time="0.001">
    <system-out><![CDATA[marquerGagne
]]></system-out>
  </testcase>
  <testcase name="testGetStatut" classname="org.centrale.infosi.moteur.EtatJeuTest" time="0.002">
    <system-out><![CDATA[getStatut
]]></system-out>
  </testcase>
</testsuite>